Traceback (most recent call last):
  File "/opt/hostedtoolcache/Python/3.8.12/x64/lib/python3.8/site-packages/jupyter_cache/executors/utils.py", line 51, in single_nb_execution
    executenb(
  File "/opt/hostedtoolcache/Python/3.8.12/x64/lib/python3.8/site-packages/nbclient/client.py", line 1085, in execute
    return NotebookClient(nb=nb, resources=resources, km=km, **kwargs).execute()
  File "/opt/hostedtoolcache/Python/3.8.12/x64/lib/python3.8/site-packages/nbclient/util.py", line 84, in wrapped
    return just_run(coro(*args, **kwargs))
  File "/opt/hostedtoolcache/Python/3.8.12/x64/lib/python3.8/site-packages/nbclient/util.py", line 62, in just_run
    return loop.run_until_complete(coro)
  File "/opt/hostedtoolcache/Python/3.8.12/x64/lib/python3.8/asyncio/base_events.py", line 616, in run_until_complete
    return future.result()
  File "/opt/hostedtoolcache/Python/3.8.12/x64/lib/python3.8/site-packages/nbclient/client.py", line 551, in async_execute
    await self.async_execute_cell(
  File "/opt/hostedtoolcache/Python/3.8.12/x64/lib/python3.8/site-packages/nbclient/client.py", line 846, in async_execute_cell
    self._check_raise_for_error(cell, exec_reply)
  File "/opt/hostedtoolcache/Python/3.8.12/x64/lib/python3.8/site-packages/nbclient/client.py", line 748, in _check_raise_for_error
    raise CellExecutionError.from_cell_and_msg(cell, exec_reply_content)
nbclient.exceptions.CellExecutionError: An error occurred while executing the following cell:
------------------
import os

from astropy import units as u
from astropy.wcs import WCS
from astropy import constants as const
from astropy.io import ascii, fits
from astropy.nddata import StdDevUncertainty
from astropy.modeling import models
from astropy.table import Table, Column, vstack
from astropy.stats import sigma_clipped_stats

import numpy as np
import pandas as pd

from scipy.optimize import curve_fit
from spectral_cube import SpectralCube
from photutils import DAOStarFinder, CircularAperture

from specutils import Spectrum1D, SpectralRegion
from specutils.analysis import snr, line_flux, centroid, equivalent_width
from specutils.fitting import fit_generic_continuum, fit_continuum, find_lines_threshold,  find_lines_derivative, estimate_line_parameters, fit_lines
from specutils.manipulation import noise_region_uncertainty, box_smooth, extract_region, gaussian_smooth, SplineInterpolatedResampler
------------------

[0;31m---------------------------------------------------------------------------[0m
[0;31mModuleNotFoundError[0m                       Traceback (most recent call last)
Input [0;32mIn [1][0m, in [0;36m<module>[0;34m[0m
[1;32m      1[0m [38;5;28;01mimport[39;00m [38;5;21;01mos[39;00m
[0;32m----> 3[0m [38;5;28;01mfrom[39;00m [38;5;21;01mastropy[39;00m [38;5;28;01mimport[39;00m units [38;5;28;01mas[39;00m u
[1;32m      4[0m [38;5;28;01mfrom[39;00m [38;5;21;01mastropy[39;00m[38;5;21;01m.[39;00m[38;5;21;01mwcs[39;00m [38;5;28;01mimport[39;00m WCS
[1;32m      5[0m [38;5;28;01mfrom[39;00m [38;5;21;01mastropy[39;00m [38;5;28;01mimport[39;00m constants [38;5;28;01mas[39;00m const

[0;31mModuleNotFoundError[0m: No module named 'astropy'
ModuleNotFoundError: No module named 'astropy'

