Traceback (most recent call last):
  File "/opt/hostedtoolcache/Python/3.8.12/x64/lib/python3.8/site-packages/jupyter_cache/executors/utils.py", line 51, in single_nb_execution
    executenb(
  File "/opt/hostedtoolcache/Python/3.8.12/x64/lib/python3.8/site-packages/nbclient/client.py", line 1085, in execute
    return NotebookClient(nb=nb, resources=resources, km=km, **kwargs).execute()
  File "/opt/hostedtoolcache/Python/3.8.12/x64/lib/python3.8/site-packages/nbclient/util.py", line 84, in wrapped
    return just_run(coro(*args, **kwargs))
  File "/opt/hostedtoolcache/Python/3.8.12/x64/lib/python3.8/site-packages/nbclient/util.py", line 62, in just_run
    return loop.run_until_complete(coro)
  File "/opt/hostedtoolcache/Python/3.8.12/x64/lib/python3.8/asyncio/base_events.py", line 616, in run_until_complete
    return future.result()
  File "/opt/hostedtoolcache/Python/3.8.12/x64/lib/python3.8/site-packages/nbclient/client.py", line 551, in async_execute
    await self.async_execute_cell(
  File "/opt/hostedtoolcache/Python/3.8.12/x64/lib/python3.8/site-packages/nbclient/client.py", line 846, in async_execute_cell
    self._check_raise_for_error(cell, exec_reply)
  File "/opt/hostedtoolcache/Python/3.8.12/x64/lib/python3.8/site-packages/nbclient/client.py", line 748, in _check_raise_for_error
    raise CellExecutionError.from_cell_and_msg(cell, exec_reply_content)
nbclient.exceptions.CellExecutionError: An error occurred while executing the following cell:
------------------
import os
from glob import glob
import shutil
import yaml
import zipfile
import urllib.request

# mirage imports
from mirage import imaging_simulator
from mirage.seed_image import catalog_seed_image
from mirage.dark import dark_prep
from mirage.ramp_generator import obs_generator
from mirage.yaml import yaml_generator

from astropy.table import Table
from astropy.io import fits

------------------

[0;31m---------------------------------------------------------------------------[0m
[0;31mModuleNotFoundError[0m                       Traceback (most recent call last)
Input [0;32mIn [1][0m, in [0;36m<module>[0;34m[0m
[1;32m      6[0m [38;5;28;01mimport[39;00m [38;5;21;01murllib[39;00m[38;5;21;01m.[39;00m[38;5;21;01mrequest[39;00m
[1;32m      8[0m [38;5;66;03m# mirage imports[39;00m
[0;32m----> 9[0m [38;5;28;01mfrom[39;00m [38;5;21;01mmirage[39;00m [38;5;28;01mimport[39;00m imaging_simulator
[1;32m     10[0m [38;5;28;01mfrom[39;00m [38;5;21;01mmirage[39;00m[38;5;21;01m.[39;00m[38;5;21;01mseed_image[39;00m [38;5;28;01mimport[39;00m catalog_seed_image
[1;32m     11[0m [38;5;28;01mfrom[39;00m [38;5;21;01mmirage[39;00m[38;5;21;01m.[39;00m[38;5;21;01mdark[39;00m [38;5;28;01mimport[39;00m dark_prep

[0;31mModuleNotFoundError[0m: No module named 'mirage'
ModuleNotFoundError: No module named 'mirage'

