Traceback (most recent call last):
  File "/opt/hostedtoolcache/Python/3.8.12/x64/lib/python3.8/site-packages/jupyter_cache/executors/utils.py", line 51, in single_nb_execution
    executenb(
  File "/opt/hostedtoolcache/Python/3.8.12/x64/lib/python3.8/site-packages/nbclient/client.py", line 1085, in execute
    return NotebookClient(nb=nb, resources=resources, km=km, **kwargs).execute()
  File "/opt/hostedtoolcache/Python/3.8.12/x64/lib/python3.8/site-packages/nbclient/util.py", line 84, in wrapped
    return just_run(coro(*args, **kwargs))
  File "/opt/hostedtoolcache/Python/3.8.12/x64/lib/python3.8/site-packages/nbclient/util.py", line 62, in just_run
    return loop.run_until_complete(coro)
  File "/opt/hostedtoolcache/Python/3.8.12/x64/lib/python3.8/asyncio/base_events.py", line 616, in run_until_complete
    return future.result()
  File "/opt/hostedtoolcache/Python/3.8.12/x64/lib/python3.8/site-packages/nbclient/client.py", line 551, in async_execute
    await self.async_execute_cell(
  File "/opt/hostedtoolcache/Python/3.8.12/x64/lib/python3.8/site-packages/nbclient/client.py", line 846, in async_execute_cell
    self._check_raise_for_error(cell, exec_reply)
  File "/opt/hostedtoolcache/Python/3.8.12/x64/lib/python3.8/site-packages/nbclient/client.py", line 748, in _check_raise_for_error
    raise CellExecutionError.from_cell_and_msg(cell, exec_reply_content)
nbclient.exceptions.CellExecutionError: An error occurred while executing the following cell:
------------------
# read in detection catalogs

coords_tab_sci1 = Table.read(coo1_file, format='ascii.no_header', names=['X','Y','Flux', 'ID'])
coords_tab_sci2 = Table.read(coo2_file, format='ascii.no_header', names=['X','Y','Flux', 'ID'])

# read in fits file

hdulist = fits.open(flc_file)
------------------

[0;31m---------------------------------------------------------------------------[0m
[0;31mFileNotFoundError[0m                         Traceback (most recent call last)
Input [0;32mIn [3][0m, in [0;36m<module>[0;34m[0m
[1;32m      1[0m [38;5;66;03m# read in detection catalogs[39;00m
[0;32m----> 3[0m coords_tab_sci1 [38;5;241m=[39m [43mTable[49m[38;5;241;43m.[39;49m[43mread[49m[43m([49m[43mcoo1_file[49m[43m,[49m[43m [49m[38;5;28;43mformat[39;49m[38;5;241;43m=[39;49m[38;5;124;43m'[39;49m[38;5;124;43mascii.no_header[39;49m[38;5;124;43m'[39;49m[43m,[49m[43m [49m[43mnames[49m[38;5;241;43m=[39;49m[43m[[49m[38;5;124;43m'[39;49m[38;5;124;43mX[39;49m[38;5;124;43m'[39;49m[43m,[49m[38;5;124;43m'[39;49m[38;5;124;43mY[39;49m[38;5;124;43m'[39;49m[43m,[49m[38;5;124;43m'[39;49m[38;5;124;43mFlux[39;49m[38;5;124;43m'[39;49m[43m,[49m[43m [49m[38;5;124;43m'[39;49m[38;5;124;43mID[39;49m[38;5;124;43m'[39;49m[43m][49m[43m)[49m
[1;32m      4[0m coords_tab_sci2 [38;5;241m=[39m Table[38;5;241m.[39mread(coo2_file, [38;5;28mformat[39m[38;5;241m=[39m[38;5;124m'[39m[38;5;124mascii.no_header[39m[38;5;124m'[39m, names[38;5;241m=[39m[[38;5;124m'[39m[38;5;124mX[39m[38;5;124m'[39m,[38;5;124m'[39m[38;5;124mY[39m[38;5;124m'[39m,[38;5;124m'[39m[38;5;124mFlux[39m[38;5;124m'[39m, [38;5;124m'[39m[38;5;124mID[39m[38;5;124m'[39m])
[1;32m      6[0m [38;5;66;03m# read in fits file[39;00m

File [0;32m/opt/hostedtoolcache/Python/3.8.12/x64/lib/python3.8/site-packages/astropy/table/connect.py:62[0m, in [0;36mTableRead.__call__[0;34m(self, *args, **kwargs)[0m
[1;32m     59[0m units [38;5;241m=[39m kwargs[38;5;241m.[39mpop([38;5;124m'[39m[38;5;124munits[39m[38;5;124m'[39m, [38;5;28;01mNone[39;00m)
[1;32m     60[0m descriptions [38;5;241m=[39m kwargs[38;5;241m.[39mpop([38;5;124m'[39m[38;5;124mdescriptions[39m[38;5;124m'[39m, [38;5;28;01mNone[39;00m)
[0;32m---> 62[0m out [38;5;241m=[39m [38;5;28;43mself[39;49m[38;5;241;43m.[39;49m[43mregistry[49m[38;5;241;43m.[39;49m[43mread[49m[43m([49m[38;5;28;43mcls[39;49m[43m,[49m[43m [49m[38;5;241;43m*[39;49m[43margs[49m[43m,[49m[43m [49m[38;5;241;43m*[39;49m[38;5;241;43m*[39;49m[43mkwargs[49m[43m)[49m
[1;32m     64[0m [38;5;66;03m# For some readers (e.g., ascii.ecsv), the returned `out` class is not[39;00m
[1;32m     65[0m [38;5;66;03m# guaranteed to be the same as the desired output `cls`.  If so,[39;00m
[1;32m     66[0m [38;5;66;03m# try coercing to desired class without copying (io.registry.read[39;00m
[1;32m     67[0m [38;5;66;03m# would normally do a copy).  The normal case here is swapping[39;00m
[1;32m     68[0m [38;5;66;03m# Table <=> QTable.[39;00m
[1;32m     69[0m [38;5;28;01mif[39;00m [38;5;28mcls[39m [38;5;129;01mis[39;00m [38;5;129;01mnot[39;00m out[38;5;241m.[39m[38;5;18m__class__[39m:

File [0;32m/opt/hostedtoolcache/Python/3.8.12/x64/lib/python3.8/site-packages/astropy/io/registry/core.py:199[0m, in [0;36mUnifiedInputRegistry.read[0;34m(self, cls, format, cache, *args, **kwargs)[0m
[1;32m    195[0m     [38;5;28mformat[39m [38;5;241m=[39m [38;5;28mself[39m[38;5;241m.[39m_get_valid_format(
[1;32m    196[0m         [38;5;124m'[39m[38;5;124mread[39m[38;5;124m'[39m, [38;5;28mcls[39m, path, fileobj, args, kwargs)
[1;32m    198[0m reader [38;5;241m=[39m [38;5;28mself[39m[38;5;241m.[39mget_reader([38;5;28mformat[39m, [38;5;28mcls[39m)
[0;32m--> 199[0m data [38;5;241m=[39m [43mreader[49m[43m([49m[38;5;241;43m*[39;49m[43margs[49m[43m,[49m[43m [49m[38;5;241;43m*[39;49m[38;5;241;43m*[39;49m[43mkwargs[49m[43m)[49m
[1;32m    201[0m [38;5;28;01mif[39;00m [38;5;129;01mnot[39;00m [38;5;28misinstance[39m(data, [38;5;28mcls[39m):
[1;32m    202[0m     [38;5;66;03m# User has read with a subclass where only the parent class is[39;00m
[1;32m    203[0m     [38;5;66;03m# registered.  This returns the parent class, so try coercing[39;00m
[1;32m    204[0m     [38;5;66;03m# to desired subclass.[39;00m
[1;32m    205[0m     [38;5;28;01mtry[39;00m:

File [0;32m/opt/hostedtoolcache/Python/3.8.12/x64/lib/python3.8/site-packages/astropy/io/ascii/connect.py:18[0m, in [0;36mio_read[0;34m(format, filename, **kwargs)[0m
[1;32m     16[0m     [38;5;28mformat[39m [38;5;241m=[39m re[38;5;241m.[39msub([38;5;124mr[39m[38;5;124m'[39m[38;5;124m^ascii[39m[38;5;124m\[39m[38;5;124m.[39m[38;5;124m'[39m, [38;5;124m'[39m[38;5;124m'[39m, [38;5;28mformat[39m)
[1;32m     17[0m     kwargs[[38;5;124m'[39m[38;5;124mformat[39m[38;5;124m'[39m] [38;5;241m=[39m [38;5;28mformat[39m
[0;32m---> 18[0m [38;5;28;01mreturn[39;00m [43mread[49m[43m([49m[43mfilename[49m[43m,[49m[43m [49m[38;5;241;43m*[39;49m[38;5;241;43m*[39;49m[43mkwargs[49m[43m)[49m

File [0;32m/opt/hostedtoolcache/Python/3.8.12/x64/lib/python3.8/site-packages/astropy/io/ascii/ui.py:341[0m, in [0;36mread[0;34m(table, guess, **kwargs)[0m
[1;32m    335[0m             new_kwargs[[38;5;124m'[39m[38;5;124mguess_html[39m[38;5;124m'[39m] [38;5;241m=[39m _probably_html(table)
[1;32m    337[0m [38;5;66;03m# Get the table from guess in ``dat``.  If ``dat`` comes back as None[39;00m
[1;32m    338[0m [38;5;66;03m# then there was just one set of kwargs in the guess list so fall[39;00m
[1;32m    339[0m [38;5;66;03m# through below to the non-guess way so that any problems result in a[39;00m
[1;32m    340[0m [38;5;66;03m# more useful traceback.[39;00m
[0;32m--> 341[0m dat [38;5;241m=[39m [43m_guess[49m[43m([49m[43mtable[49m[43m,[49m[43m [49m[43mnew_kwargs[49m[43m,[49m[43m [49m[38;5;28;43mformat[39;49m[43m,[49m[43m [49m[43mfast_reader[49m[43m)[49m
[1;32m    342[0m [38;5;28;01mif[39;00m dat [38;5;129;01mis[39;00m [38;5;28;01mNone[39;00m:
[1;32m    343[0m     guess [38;5;241m=[39m [38;5;28;01mFalse[39;00m

File [0;32m/opt/hostedtoolcache/Python/3.8.12/x64/lib/python3.8/site-packages/astropy/io/ascii/ui.py:506[0m, in [0;36m_guess[0;34m(table, read_kwargs, format, fast_reader)[0m
[1;32m    503[0m reader [38;5;241m=[39m get_reader([38;5;241m*[39m[38;5;241m*[39mguess_kwargs)
[1;32m    505[0m reader[38;5;241m.[39mguessing [38;5;241m=[39m [38;5;28;01mTrue[39;00m
[0;32m--> 506[0m dat [38;5;241m=[39m [43mreader[49m[38;5;241;43m.[39;49m[43mread[49m[43m([49m[43mtable[49m[43m)[49m
[1;32m    507[0m _read_trace[38;5;241m.[39mappend({[38;5;124m'[39m[38;5;124mkwargs[39m[38;5;124m'[39m: copy[38;5;241m.[39mdeepcopy(guess_kwargs),
[1;32m    508[0m                     [38;5;124m'[39m[38;5;124mReader[39m[38;5;124m'[39m: reader[38;5;241m.[39m[38;5;18m__class__[39m,
[1;32m    509[0m                     [38;5;124m'[39m[38;5;124mstatus[39m[38;5;124m'[39m: [38;5;124m'[39m[38;5;124mSuccess (guessing)[39m[38;5;124m'[39m,
[1;32m    510[0m                     [38;5;124m'[39m[38;5;124mdt[39m[38;5;124m'[39m: [38;5;124mf[39m[38;5;124m'[39m[38;5;132;01m{[39;00m(time[38;5;241m.[39mtime() [38;5;241m-[39m t0) [38;5;241m*[39m [38;5;241m1000[39m[38;5;132;01m:[39;00m[38;5;124m.3f[39m[38;5;132;01m}[39;00m[38;5;124m ms[39m[38;5;124m'[39m})
[1;32m    511[0m [38;5;28;01mreturn[39;00m dat

File [0;32m/opt/hostedtoolcache/Python/3.8.12/x64/lib/python3.8/site-packages/astropy/io/ascii/fastbasic.py:109[0m, in [0;36mFastBasic.read[0;34m(self, table)[0m
[1;32m    106[0m [38;5;66;03m# Put fast_reader dict back into kwargs.[39;00m
[1;32m    107[0m [38;5;28mself[39m[38;5;241m.[39mkwargs[[38;5;124m'[39m[38;5;124mfast_reader[39m[38;5;124m'[39m] [38;5;241m=[39m fast_reader
[0;32m--> 109[0m [38;5;28mself[39m[38;5;241m.[39mengine [38;5;241m=[39m [43mcparser[49m[38;5;241;43m.[39;49m[43mCParser[49m[43m([49m[43mtable[49m[43m,[49m[43m [49m[38;5;28;43mself[39;49m[38;5;241;43m.[39;49m[43mstrip_whitespace_lines[49m[43m,[49m
[1;32m    110[0m [43m                              [49m[38;5;28;43mself[39;49m[38;5;241;43m.[39;49m[43mstrip_whitespace_fields[49m[43m,[49m
[1;32m    111[0m [43m                              [49m[43mdelimiter[49m[38;5;241;43m=[39;49m[38;5;28;43mself[39;49m[38;5;241;43m.[39;49m[43mdelimiter[49m[43m,[49m
[1;32m    112[0m [43m                              [49m[43mheader_start[49m[38;5;241;43m=[39;49m[38;5;28;43mself[39;49m[38;5;241;43m.[39;49m[43mheader_start[49m[43m,[49m
[1;32m    113[0m [43m                              [49m[43mcomment[49m[38;5;241;43m=[39;49m[38;5;28;43mself[39;49m[38;5;241;43m.[39;49m[43mcomment[49m[43m,[49m
[1;32m    114[0m [43m                              [49m[43mquotechar[49m[38;5;241;43m=[39;49m[38;5;28;43mself[39;49m[38;5;241;43m.[39;49m[43mquotechar[49m[43m,[49m
[1;32m    115[0m [43m                              [49m[43mdata_start[49m[38;5;241;43m=[39;49m[38;5;28;43mself[39;49m[38;5;241;43m.[39;49m[43mdata_start[49m[43m,[49m
[1;32m    116[0m [43m                              [49m[43mfill_extra_cols[49m[38;5;241;43m=[39;49m[38;5;28;43mself[39;49m[38;5;241;43m.[39;49m[43mfill_extra_cols[49m[43m,[49m
[1;32m    117[0m [43m                              [49m[38;5;241;43m*[39;49m[38;5;241;43m*[39;49m[38;5;28;43mself[39;49m[38;5;241;43m.[39;49m[43mkwargs[49m[43m)[49m
[1;32m    118[0m conversion_info [38;5;241m=[39m [38;5;28mself[39m[38;5;241m.[39m_read_header()
[1;32m    119[0m [38;5;28mself[39m[38;5;241m.[39mcheck_header()

File [0;32mastropy/io/ascii/cparser.pyx:248[0m, in [0;36mastropy.io.ascii.cparser.CParser.__cinit__[0;34m()[0m

File [0;32mastropy/io/ascii/cparser.pyx:296[0m, in [0;36mastropy.io.ascii.cparser.CParser.setup_tokenizer[0;34m()[0m

File [0;32mastropy/io/ascii/cparser.pyx:124[0m, in [0;36mastropy.io.ascii.cparser.FileString.__cinit__[0;34m()[0m

[0;31mFileNotFoundError[0m: [Errno 2] No such file or directory: '/grp/hst/acs9/slhoffmann/geodist/idc2019/f606w/tweakreg/post/general/ja9bw2a5q_flc_sci1_xy_catalog.coo'
FileNotFoundError: [Errno 2] No such file or directory: '/grp/hst/acs9/slhoffmann/geodist/idc2019/f606w/tweakreg/post/general/ja9bw2a5q_flc_sci1_xy_catalog.coo'

